<?xml version="1.0" encoding="UTF-8" ?>
<testsuites>

  <testsuite name="The appstore.api.container suite Dynamic height common feature" errors="0" tests="2" failures="0" time="0.004" timestamp="Mon Jan 26 2015 17:49:48 GMT+0300 (Belarus Standard Time)">
    
      <testcase assertions="0" classname="The appstore.api.container suite Dynamic height common feature" name="should adjusting height of calling frame if feature enabled" time="0.003">
        
      </testcase>
    
      <testcase assertions="0" classname="The appstore.api.container suite Dynamic height common feature" name="should not adjusting height of calling frame if feature disabled" time="0.001">
        
      </testcase>
    
  </testsuite>

</testsuites>