<?xml version="1.0" encoding="UTF-8" ?>
<testsuites>

  <testsuite name="The appstore.api.application suite Dynamic height application feature" errors="0" tests="3" failures="0" time="0.009" timestamp="Mon Jan 26 2015 17:49:47 GMT+0300 (Belarus Standard Time)">
    
      <testcase assertions="0" classname="The appstore.api.application suite Dynamic height application feature" name="should send adjusting height message to parent" time="0.006">
        
      </testcase>
    
      <testcase assertions="0" classname="The appstore.api.application suite Dynamic height application feature" name="should send adjusting height message to parent with specified height" time="0.001">
        
      </testcase>
    
      <testcase assertions="0" classname="The appstore.api.application suite Dynamic height application feature" name="should call complete handler after adjust height reply message" time="0.001">
        
      </testcase>
    
  </testsuite>

</testsuites>