<?xml version="1.0" encoding="UTF-8" ?>
<testsuites>

  <testsuite name="The appstore.api.application suite Security common feature" errors="0" tests="3" failures="0" time="0.004" timestamp="Mon Jan 26 2015 17:49:47 GMT+0300 (Belarus Standard Time)">
    
      <testcase assertions="0" classname="The appstore.api.application suite Security common feature" name="should reply on a security handshake" time="0.002">
        
      </testcase>
    
      <testcase assertions="0" classname="The appstore.api.application suite Security common feature" name="should not reply on a security handshake to unexpected source" time="0.001">
        
      </testcase>
    
      <testcase assertions="0" classname="The appstore.api.application suite Security common feature" name="should not reply on a security handshake with unexpected data" time="0.001">
        
      </testcase>
    
  </testsuite>

</testsuites>