<?xml version="1.0" encoding="UTF-8" ?>
<testsuites>

  <testsuite name="The appstore.api.application suite Browser support feature" errors="0" tests="0" failures="0" time="0" timestamp="Mon Jan 26 2015 17:49:47 GMT+0300 (Belarus Standard Time)">
    
  </testsuite>

</testsuites>